<?xml version="1.0" encoding="UTF-8"?>
<testng-results skipped="0" failed="0" ignored="0" total="2" passed="2">
  <reporter-output>
  </reporter-output>
  <suite name="Suite" duration-ms="25292" started-at="2020-10-01T21:51:59Z" finished-at="2020-10-01T21:52:24Z">
    <groups>
    </groups>
    <test name="Test" duration-ms="25292" started-at="2020-10-01T21:51:59Z" finished-at="2020-10-01T21:52:24Z">
      <class name="testCases.CalFactoriall">
        <test-method status="PASS" signature="beforeClass()[pri:0, instance:testCases.CalFactoriall@71318ec4]" name="beforeClass" is-config="true" duration-ms="9177" started-at="2020-10-01T21:51:59Z" finished-at="2020-10-01T21:52:08Z">
          <reporter-output>
          </reporter-output>
        </test-method> <!-- beforeClass -->
        <test-method status="PASS" signature="calResult()[pri:0, instance:testCases.CalFactoriall@71318ec4]" name="calResult" duration-ms="7936" started-at="2020-10-01T21:52:08Z" finished-at="2020-10-01T21:52:16Z">
          <reporter-output>
          </reporter-output>
        </test-method> <!-- calResult -->
        <test-method status="PASS" signature="afterClass()[pri:0, instance:testCases.CalFactoriall@71318ec4]" name="afterClass" is-config="true" duration-ms="153" started-at="2020-10-01T21:52:16Z" finished-at="2020-10-01T21:52:16Z">
          <reporter-output>
          </reporter-output>
        </test-method> <!-- afterClass -->
        <test-method status="PASS" signature="beforeClass()[pri:0, instance:testCases.CalFactoriall@71318ec4]" name="beforeClass" is-config="true" duration-ms="6760" started-at="2020-10-01T21:52:16Z" finished-at="2020-10-01T21:52:23Z">
          <reporter-output>
          </reporter-output>
        </test-method> <!-- beforeClass -->
        <test-method status="PASS" signature="calResultWithoutInput()[pri:0, instance:testCases.CalFactoriall@71318ec4]" name="calResultWithoutInput" duration-ms="1122" started-at="2020-10-01T21:52:23Z" finished-at="2020-10-01T21:52:24Z">
          <reporter-output>
          </reporter-output>
        </test-method> <!-- calResultWithoutInput -->
        <test-method status="PASS" signature="afterClass()[pri:0, instance:testCases.CalFactoriall@71318ec4]" name="afterClass" is-config="true" duration-ms="117" started-at="2020-10-01T21:52:24Z" finished-at="2020-10-01T21:52:24Z">
          <reporter-output>
          </reporter-output>
        </test-method> <!-- afterClass -->
      </class> <!-- testCases.CalFactoriall -->
    </test> <!-- Test -->
  </suite> <!-- Suite -->
</testng-results>
